<?xml version="1.0" encoding="UTF-8"?>
<!-- Generated by org.testng.reporters.JUnitXMLReporter -->
<testsuite hostname="WL-JC8T9C3" ignored="0" name="Surefire test" tests="4" failures="1" timestamp="18 Jan 2022 06:34:35 GMT" time="32.138" errors="0">
  <testcase name="runScenario" time="19.061" classname="io.cucumber.testng.AbstractTestNGCucumberTests"/>
  <testcase name="runScenario" time="23.868" classname="io.cucumber.testng.AbstractTestNGCucumberTests">
    <failure type="java.lang.NullPointerException">
      <![CDATA[java.lang.NullPointerException
at parallel.LoginPageSteps.logout_User(LoginPageSteps.java:57)
at ✽.logout User(classpath:parallel/LoginPage.feature:27)
]]>
    </failure>
  </testcase> <!-- runScenario -->
  <testcase name="runScenario" time="24.65" classname="io.cucumber.testng.AbstractTestNGCucumberTests"/>
  <testcase name="runScenario" time="28.355" classname="io.cucumber.testng.AbstractTestNGCucumberTests"/>
</testsuite> <!-- Surefire test -->
