<?xml version="1.0" encoding="UTF-8"?>
<!-- Generated by org.testng.reporters.JUnitXMLReporter -->
<testsuite ignored="0" hostname="DESKTOP-T5HLTIE" failures="0" tests="4" name="Test" time="49.825" errors="0" timestamp="2022-01-23T19:38:11 IST">
  <testcase classname="com.happyslearning.e2e.Guru99.telecom.pages.AddTariffPlanPageTest" name="addTariffPlanTest" time="19.976"/>
  <testcase classname="com.happyslearning.e2e.Guru99.telecom.pages.AddTariffPlanToCustomerPageTest" name="addTariffPlanToCustomerTest" time="18.83"/>
  <testcase classname="com.happyslearning.e2e.Guru99.telecom.pages.AddCustomerPageTest" name="addCustomerActionTest" time="22.206"/>
  <testcase classname="com.happyslearning.e2e.Guru99.telecom.pages.PayBillingPageTest" name="addTariffPlanToCustomerTest" time="6.976"/>
</testsuite> <!-- Test -->
