<?xml version="1.0" encoding="UTF-8"?>
<testsuite xmlns:xsi="http://www.w3.org/2001/XMLSchema-instance" xsi:noNamespaceSchemaLocation="https://maven.apache.org/surefire/maven-surefire-plugin/xsd/surefire-test-report.xsd" name="cucumber.test.managers.TestRunner" time="26.792" tests="13" errors="0" skipped="0" failures="0">
  <properties>
[...]
</properties>
  <testcase name="Verify AddPlace Api Request and Response with Data Driven" classname="Data driven approach from Feature" time="4.557"/>
  <testcase name="Verify AddPlace Api Request test with Data Driven #1" classname="Data driven approach from Feature" time="0.246"/>
  <testcase name="Verify AddPlace Api Request test with Data Driven #2" classname="Data driven approach from Feature" time="0.276"/>
  <testcase name="Verify AddPlace Api Request test with Data Driven #3" classname="Data driven approach from Feature" time="0.248"/>
  <testcase name="Verify AddPlace Api Request and Response" classname="MAPS Api Functional E2E Test" time="0.213"/>
  <testcase name="Verify AddPlace Api Test" classname="Place API testing with Properties File" time="0.27"/>
  <testcase name="Verify UpdatePlace Api Test" classname="Place API testing with Properties File" time="3.414"/>
  <testcase name="Verify GetPlace Api Test" classname="Place API testing with Properties File" time="3.56"/>
  <testcase name="Verify DeletePlace Api Test" classname="Place API testing with Properties File" time="2.702"/>
  <testcase name="Verify AddPlace Api Test" classname="Place Api Test" time="0.22"/>
  <testcase name="Verify UpdatePlace Api Test" classname="Place Api Test" time="2.722"/>
  <testcase name="Verify GetPlace Api Test" classname="Place Api Test" time="2.214"/>
  <testcase name="Verify DeletePlace Api Test" classname="Place Api Test" time="2.719"/>
</testsuite>