<?xml version="1.0" encoding="UTF-8"?>
<testng-results skipped="0" failed="0" ignored="0" total="4" passed="4">
  <reporter-output>
  </reporter-output>
  <suite name="Surefire suite" duration-ms="30871" started-at="2022-01-18T07:52:57Z" finished-at="2022-01-18T07:53:28Z">
    <groups>
      <group name="cucumber">
        <method signature="AbstractTestNGCucumberTests.runScenario(io.cucumber.testng.PickleWrapper, io.cucumber.testng.FeatureWrapper)[pri:0, instance:parallel.ParallelRun@28feb3fa]" name="runScenario" class="io.cucumber.testng.AbstractTestNGCucumberTests"/>
      </group> <!-- cucumber -->
    </groups>
    <test name="Surefire test" duration-ms="30871" started-at="2022-01-18T07:52:57Z" finished-at="2022-01-18T07:53:28Z">
      <class name="parallel.ParallelRun">
        <test-method status="PASS" signature="setUpClass()[pri:0, instance:parallel.ParallelRun@28feb3fa]" name="setUpClass" is-config="true" duration-ms="1032" started-at="2022-01-18T07:52:57Z" finished-at="2022-01-18T07:52:58Z">
          <reporter-output>
          </reporter-output>
        </test-method> <!-- setUpClass -->
        <test-method status="PASS" signature="runScenario(io.cucumber.testng.PickleWrapper, io.cucumber.testng.FeatureWrapper)[pri:0, instance:parallel.ParallelRun@28feb3fa]" name="runScenario" duration-ms="21170" started-at="2022-01-18T07:52:58Z" description="Runs Cucumber Scenarios" data-provider="scenarios" finished-at="2022-01-18T07:53:19Z">
          <params>
            <param index="0">
              <value>
                <![CDATA["Login Application with existing user"]]>
              </value>
            </param>
            <param index="1">
              <value>
                <![CDATA["Optional[LoginPage Automation]"]]>
              </value>
            </param>
          </params>
          <reporter-output>
          </reporter-output>
        </test-method> <!-- runScenario -->
        <test-method status="PASS" signature="runScenario(io.cucumber.testng.PickleWrapper, io.cucumber.testng.FeatureWrapper)[pri:0, instance:parallel.ParallelRun@28feb3fa]" name="runScenario" duration-ms="21724" started-at="2022-01-18T07:52:58Z" description="Runs Cucumber Scenarios" data-provider="scenarios" finished-at="2022-01-18T07:53:19Z">
          <params>
            <param index="0">
              <value>
                <![CDATA["Verify HomePage Menu Details"]]>
              </value>
            </param>
            <param index="1">
              <value>
                <![CDATA["Optional[Account Page Validation]"]]>
              </value>
            </param>
          </params>
          <reporter-output>
          </reporter-output>
        </test-method> <!-- runScenario -->
        <test-method status="PASS" signature="runScenario(io.cucumber.testng.PickleWrapper, io.cucumber.testng.FeatureWrapper)[pri:0, instance:parallel.ParallelRun@28feb3fa]" name="runScenario" duration-ms="25960" started-at="2022-01-18T07:52:58Z" description="Runs Cucumber Scenarios" data-provider="scenarios" finished-at="2022-01-18T07:53:24Z">
          <params>
            <param index="0">
              <value>
                <![CDATA["Verify User details in Admin menu"]]>
              </value>
            </param>
            <param index="1">
              <value>
                <![CDATA["Optional[Account Page Validation]"]]>
              </value>
            </param>
          </params>
          <reporter-output>
          </reporter-output>
        </test-method> <!-- runScenario -->
        <test-method status="PASS" signature="runScenario(io.cucumber.testng.PickleWrapper, io.cucumber.testng.FeatureWrapper)[pri:0, instance:parallel.ParallelRun@28feb3fa]" name="runScenario" duration-ms="15763" started-at="2022-01-18T07:52:58Z" description="Runs Cucumber Scenarios" data-provider="scenarios" finished-at="2022-01-18T07:53:14Z">
          <params>
            <param index="0">
              <value>
                <![CDATA["Login Application with unknow user"]]>
              </value>
            </param>
            <param index="1">
              <value>
                <![CDATA["Optional[LoginPage Automation]"]]>
              </value>
            </param>
          </params>
          <reporter-output>
          </reporter-output>
        </test-method> <!-- runScenario -->
        <test-method status="PASS" signature="tearDownClass()[pri:0, instance:parallel.ParallelRun@28feb3fa]" name="tearDownClass" is-config="true" duration-ms="3853" started-at="2022-01-18T07:53:24Z" finished-at="2022-01-18T07:53:28Z">
          <reporter-output>
          </reporter-output>
        </test-method> <!-- tearDownClass -->
      </class> <!-- parallel.ParallelRun -->
    </test> <!-- Surefire test -->
  </suite> <!-- Surefire suite -->
</testng-results>
