<?xml version="1.0" encoding="UTF-8"?>
<!-- Generated by org.testng.reporters.JUnitXMLReporter -->
<testsuite ignored="0" hostname="DESKTOP-T5HLTIE" failures="0" tests="4" name="Quick" time="48.939" errors="0" timestamp="2022-01-29T18:56:22 IST">
  <testcase classname="com.happyslearning.e2e.Guru99.telecom.pages.AddTariffPlanPageTest" name="addTariffPlanTest" time="19.067"/>
  <testcase classname="com.happyslearning.e2e.Guru99.telecom.pages.AddTariffPlanToCustomerPageTest" name="addTariffPlanToCustomerTest" time="20.37"/>
  <testcase classname="com.happyslearning.e2e.Guru99.telecom.pages.AddCustomerPageTest" name="addCustomerActionTest" time="22.554"/>
  <testcase classname="com.happyslearning.e2e.Guru99.telecom.pages.PayBillingPageTest" name="payBillingPageTestMethod" time="6.987"/>
</testsuite> <!-- Quick -->
