<?xml version="1.0" encoding="UTF-8"?>
<testng-results ignored="0" total="4" passed="4" failed="0" skipped="0">
  <reporter-output>
  </reporter-output>
  <suite started-at="2022-01-09T22:24:30 IST" name="Suite" finished-at="2022-01-09T22:25:30 IST" duration-ms="59613">
    <groups>
    </groups>
    <test started-at="2022-01-09T22:24:30 IST" name="Test" finished-at="2022-01-09T22:25:30 IST" duration-ms="59613">
      <class name="com.line.qatest.HomePageTest">
        <test-method is-config="true" signature="SetUp()[pri:0, instance:com.line.qatest.HomePageTest@207ea13]" started-at="2022-01-09T22:24:44 IST" name="SetUp" finished-at="2022-01-09T22:24:49 IST" duration-ms="5281" status="PASS">
          <reporter-output>
          </reporter-output>
        </test-method> <!-- SetUp -->
        <test-method signature="adminMenuTest()[pri:1, instance:com.line.qatest.HomePageTest@207ea13]" started-at="2022-01-09T22:24:49 IST" name="adminMenuTest" finished-at="2022-01-09T22:24:58 IST" duration-ms="8823" status="PASS">
          <reporter-output>
          </reporter-output>
        </test-method> <!-- adminMenuTest -->
        <test-method is-config="true" signature="tearDown()[pri:0, instance:com.line.qatest.HomePageTest@207ea13]" started-at="2022-01-09T22:24:58 IST" name="tearDown" finished-at="2022-01-09T22:24:59 IST" duration-ms="579" status="PASS">
          <reporter-output>
          </reporter-output>
        </test-method> <!-- tearDown -->
        <test-method is-config="true" signature="SetUp()[pri:0, instance:com.line.qatest.HomePageTest@207ea13]" started-at="2022-01-09T22:24:59 IST" name="SetUp" finished-at="2022-01-09T22:25:04 IST" duration-ms="5660" status="PASS">
          <reporter-output>
          </reporter-output>
        </test-method> <!-- SetUp -->
        <test-method signature="pimMenuTest()[pri:2, instance:com.line.qatest.HomePageTest@207ea13]" started-at="2022-01-09T22:25:04 IST" name="pimMenuTest" finished-at="2022-01-09T22:25:14 IST" duration-ms="9237" status="PASS">
          <reporter-output>
          </reporter-output>
        </test-method> <!-- pimMenuTest -->
        <test-method is-config="true" signature="tearDown()[pri:0, instance:com.line.qatest.HomePageTest@207ea13]" started-at="2022-01-09T22:25:14 IST" name="tearDown" finished-at="2022-01-09T22:25:14 IST" duration-ms="579" status="PASS">
          <reporter-output>
          </reporter-output>
        </test-method> <!-- tearDown -->
        <test-method is-config="true" signature="SetUp()[pri:0, instance:com.line.qatest.HomePageTest@207ea13]" started-at="2022-01-09T22:25:14 IST" name="SetUp" finished-at="2022-01-09T22:25:20 IST" duration-ms="5668" status="PASS">
          <reporter-output>
          </reporter-output>
        </test-method> <!-- SetUp -->
        <test-method signature="leaveMenuTest()[pri:3, instance:com.line.qatest.HomePageTest@207ea13]" started-at="2022-01-09T22:25:20 IST" name="leaveMenuTest" finished-at="2022-01-09T22:25:29 IST" duration-ms="9280" status="PASS">
          <reporter-output>
          </reporter-output>
        </test-method> <!-- leaveMenuTest -->
        <test-method is-config="true" signature="tearDown()[pri:0, instance:com.line.qatest.HomePageTest@207ea13]" started-at="2022-01-09T22:25:29 IST" name="tearDown" finished-at="2022-01-09T22:25:30 IST" duration-ms="570" status="PASS">
          <reporter-output>
          </reporter-output>
        </test-method> <!-- tearDown -->
      </class> <!-- com.line.qatest.HomePageTest -->
      <class name="com.line.qatest.LoginTest">
        <test-method is-config="true" signature="setup()[pri:0, instance:com.line.qatest.LoginTest@45cff11c]" started-at="2022-01-09T22:24:30 IST" name="setup" finished-at="2022-01-09T22:24:37 IST" duration-ms="6539" status="PASS">
          <reporter-output>
          </reporter-output>
        </test-method> <!-- setup -->
        <test-method signature="loginTest()[pri:0, instance:com.line.qatest.LoginTest@45cff11c]" started-at="2022-01-09T22:24:37 IST" name="loginTest" finished-at="2022-01-09T22:24:43 IST" duration-ms="6626" status="PASS">
          <reporter-output>
          </reporter-output>
        </test-method> <!-- loginTest -->
        <test-method is-config="true" signature="tearDown()[pri:0, instance:com.line.qatest.LoginTest@45cff11c]" started-at="2022-01-09T22:24:43 IST" name="tearDown" finished-at="2022-01-09T22:24:44 IST" duration-ms="592" status="PASS">
          <reporter-output>
          </reporter-output>
        </test-method> <!-- tearDown -->
      </class> <!-- com.line.qatest.LoginTest -->
    </test> <!-- Test -->
  </suite> <!-- Suite -->
</testng-results>
