<?xml version="1.0" encoding="UTF-8"?>
<!-- Generated by org.testng.reporters.JUnitReportReporter -->
<testsuite skipped="0" hostname="WL-JC8T9C3" name="parallel.ParallelRun" tests="4" failures="0" timestamp="18 Jan 2022 06:34:35 GMT" time="95.934" errors="1">
  <testcase name="runScenario" time="19.061" classname="parallel.ParallelRun"/>
  <testcase name="runScenario" time="24.650" classname="parallel.ParallelRun"/>
  <testcase name="runScenario" time="28.355" classname="parallel.ParallelRun"/>
  <testcase name="runScenario" time="23.868" classname="parallel.ParallelRun">
    <error type="java.lang.NullPointerException">
      <![CDATA[java.lang.NullPointerException
at parallel.LoginPageSteps.logout_User(LoginPageSteps.java:57)
at ✽.logout User(classpath:parallel/LoginPage.feature:27)
]]>
    </error>
  </testcase> <!-- runScenario -->
</testsuite> <!-- parallel.ParallelRun -->
